0 info it worked if it ends with ok
1 verbose cli [ '/Users/tessathornton/.nvm/versions/node/v5.7.0/bin/node',
1 verbose cli   '/Users/tessathornton/.nvm/versions/node/v5.7.0/bin/npm',
1 verbose cli   'version',
1 verbose cli   'patch' ]
2 info using npm@3.10.9
3 info using node@v5.7.0
4 info git [ 'status', '--porcelain' ]
5 info lifecycle shopify-ecommerce-shopping-cart@1.1.7~preversion: shopify-ecommerce-shopping-cart@1.1.7
6 verbose lifecycle shopify-ecommerce-shopping-cart@1.1.7~preversion: unsafe-perm in lifecycle true
7 verbose lifecycle shopify-ecommerce-shopping-cart@1.1.7~preversion: PATH: /Users/tessathornton/.nvm/versions/node/v5.7.0/lib/node_modules/npm/bin/node-gyp-bin:/Users/tessathornton/dev/shopify/buy-button-wordpress/node_modules/.bin:/Users/tessathornton/.nvm/versions/node/v5.7.0/bin:/Users/tessathornton/.rbenv/plugins/ruby-build/bin:/Users/tessathornton/.rbenv/shims:/Users/tessathornton/.rbenv/bin:/Library/Frameworks/Python.framework/Versions/2.7/bin:/Library/Frameworks/Python.framework/Versions/3.4/bin:/usr/local/bin:/usr/bin:/bin:/usr/sbin:/sbin:/usr/texbin
8 verbose lifecycle shopify-ecommerce-shopping-cart@1.1.7~preversion: CWD: /Users/tessathornton/dev/shopify/buy-button-wordpress
9 silly lifecycle shopify-ecommerce-shopping-cart@1.1.7~preversion: Args: [ '-c', 'npm test' ]
10 silly lifecycle shopify-ecommerce-shopping-cart@1.1.7~preversion: Returned: code: 1  signal: null
11 info lifecycle shopify-ecommerce-shopping-cart@1.1.7~preversion: Failed to exec preversion script
12 verbose stack Error: shopify-ecommerce-shopping-cart@1.1.7 preversion: `npm test`
12 verbose stack Exit status 1
12 verbose stack     at EventEmitter.<anonymous> (/Users/tessathornton/.nvm/versions/node/v5.7.0/lib/node_modules/npm/lib/utils/lifecycle.js:255:16)
12 verbose stack     at emitTwo (events.js:100:13)
12 verbose stack     at EventEmitter.emit (events.js:185:7)
12 verbose stack     at ChildProcess.<anonymous> (/Users/tessathornton/.nvm/versions/node/v5.7.0/lib/node_modules/npm/lib/utils/spawn.js:40:14)
12 verbose stack     at emitTwo (events.js:100:13)
12 verbose stack     at ChildProcess.emit (events.js:185:7)
12 verbose stack     at maybeClose (internal/child_process.js:827:16)
12 verbose stack     at Process.ChildProcess._handle.onexit (internal/child_process.js:211:5)
13 verbose pkgid shopify-ecommerce-shopping-cart@1.1.7
14 verbose cwd /Users/tessathornton/dev/shopify/buy-button-wordpress
15 error Darwin 16.3.0
16 error argv "/Users/tessathornton/.nvm/versions/node/v5.7.0/bin/node" "/Users/tessathornton/.nvm/versions/node/v5.7.0/bin/npm" "version" "patch"
17 error node v5.7.0
18 error npm  v3.10.9
19 error code ELIFECYCLE
20 error shopify-ecommerce-shopping-cart@1.1.7 preversion: `npm test`
20 error Exit status 1
21 error Failed at the shopify-ecommerce-shopping-cart@1.1.7 preversion script 'npm test'.
21 error Make sure you have the latest version of node.js and npm installed.
21 error If you do, this is most likely a problem with the shopify-ecommerce-shopping-cart package,
21 error not with npm itself.
21 error Tell the author that this fails on your system:
21 error     npm test
21 error You can get information on how to open an issue for this project with:
21 error     npm bugs shopify-ecommerce-shopping-cart
21 error Or if that isn't available, you can get their info via:
21 error     npm owner ls shopify-ecommerce-shopping-cart
21 error There is likely additional logging output above.
22 verbose exit [ 1, true ]
